2018-11-14 22:30:22,593 [INFO   ] :pkgbuilder: *** PKGBUILDer v4.2.18
2018-11-14 22:30:22,760 [INFO   ] :pbwrapper : *** PBwrapper v0.5.6 (PKGBUILDer 4.2.18)
2018-11-14 22:30:22,761 [INFO   ] :pbwrapper : Running root pacman command
2018-11-14 22:30:32,876 [INFO   ] :pkgbuilder: *** PKGBUILDer v4.2.18
2018-11-14 22:30:33,045 [INFO   ] :pbwrapper : *** PBwrapper v0.5.6 (PKGBUILDer 4.2.18)
2018-11-14 22:30:33,046 [DEBUG  ] :pbwrapper : Got -S, preparing to parse arguments...
2018-11-14 22:30:33,050 [DEBUG  ] :pbwrapper : Arguments parsed.  {'help': False, 'version': False, 'f': False, 'g': False, 'l': False, 'p': False, 'q': False, 'D': False, 'C': False, 'G': False, 'S': True, 'd': False, 'i': False, 's': False, 'v': False, 'w': False, 'L': False, 'asdeps': False, 'asexplicit': False, 'dbonly': False, 'downloadonly': False, 'groups': False, 'list': False, 'needed': False, 'nodeps': False, 'noprogressbar': False, 'noscriptlet': False, 'print': False, 'quiet': False, 'verbose': False, 'files': False, 'disable-download-timeout': False, 'fetch': False, 'get': False, 'userfetch': False, 'vcsupgrade': False, 'novcsupgrade': False, 'colors': False, 'nocolors': False, 'depcheck': False, 'nodepcheck': False, 'validation': False, 'novalidation': False, 'install': False, 'buildonly': False, 'pgpcheck': False, 'skippgpcheck': False, 'deep': False, 'shallow': False, 'noclean': False, 'nodebug': False, 'debug': False, 'info': False, 'search': False, 'sync': False, 'confirm': False, 'noconfirm': False, 'unlock': False, 'c': 0, 'y': 0, 'u': 0, 'clean': 0, 'refresh': 0, 'sysupgrade': 0, 'b': 'NIL', 'r': 'NIL', 'arch': 'NIL', 'cachedir': 'NIL', 'config': 'NIL', 'dbpath': 'NIL', 'gpgdir': 'NIL', 'hookdir': 'NIL', 'ignoregroup': 'NIL', 'logfile': 'NIL', 'overwrite': 'NIL', 'print-format': 'NIL', 'root': 'NIL', 'assume-installed': 'NIL', 'pkgnames': ['chefdk']}
2018-11-14 22:30:33,050 [DEBUG  ] :pbwrapper : Preparing to run pacman and/or PKGBUILDer...
2018-11-14 22:30:33,051 [DEBUG  ] :pbwrapper : Generating AUR packages list...
2018-11-14 22:30:33,108 [DEBUG  ] :urllib3.connectionpool: Starting new HTTPS connection (1): aur.archlinux.org:443
2018-11-14 22:30:33,297 [DEBUG  ] :urllib3.connectionpool: https://aur.archlinux.org:443 "GET /rpc/?v=5&type=multiinfo&arg%5B%5D=chefdk HTTP/1.1" 200 None
2018-11-14 22:30:33,299 [DEBUG  ] :pbwrapper : Generated.
2018-11-14 22:30:33,299 [INFO   ] :pbwrapper : Running pacman.
2018-11-14 22:30:33,648 [INFO   ] :pbwrapper : No AUR packages in the list.
2018-11-14 22:30:49,659 [INFO   ] :pkgbuilder: *** PKGBUILDer v4.2.18
2018-11-14 22:30:49,825 [INFO   ] :pbwrapper : *** PBwrapper v0.5.6 (PKGBUILDer 4.2.18)
2018-11-14 22:30:49,826 [INFO   ] :pbwrapper : Running root pacman command
2018-11-14 22:31:11,353 [INFO   ] :pkgbuilder: *** PKGBUILDer v4.2.18
2018-11-14 22:31:11,518 [INFO   ] :pkgbuilder: Initialized, parsing arguments.
2018-11-14 22:31:11,521 [INFO   ] :pkgbuilder: Arguments parsed.  {'pkgnames': ['chef'], 'pac': False, 'fetch': False, 'userfetch': None, 'info': False, 'search': True, 'upgrade': False, 'finst': False, 'runtx': False, 'clean': False, 'noclean': False, 'colors': False, 'nocolors': False, 'debug': False, 'nodebug': False, 'depcheck': False, 'nodepcheck': False, 'vcsupgrade': False, 'novcsupgrade': False, 'validation': False, 'novalidation': False, 'pkginst': False, 'nopkginst': False, 'pgpcheck': False, 'nopgpcheck': False, 'confirm': False, 'noconfirm': False, 'shallowclone': False, 'deepclone': False, 'ignorelist': None, 'pacupd': False, 'nopac': False, 'nofetch': False}
2018-11-14 22:31:11,521 [DEBUG  ] :pkgbuilder: Searching...
2018-11-14 22:31:11,524 [DEBUG  ] :urllib3.connectionpool: Starting new HTTPS connection (1): aur.archlinux.org:443
2018-11-14 22:31:11,723 [DEBUG  ] :urllib3.connectionpool: https://aur.archlinux.org:443 "GET /rpc/?v=5&type=search&arg=chef&search_by=name-desc HTTP/1.1" 200 None
2018-11-14 22:31:39,649 [INFO   ] :pkgbuilder: *** PKGBUILDer v4.2.18
2018-11-14 22:31:39,816 [INFO   ] :pkgbuilder: Initialized, parsing arguments.
2018-11-14 22:31:39,819 [INFO   ] :pkgbuilder: Arguments parsed.  {'pkgnames': [], 'pac': False, 'fetch': False, 'userfetch': None, 'info': False, 'search': False, 'upgrade': 1, 'finst': False, 'runtx': False, 'clean': False, 'noclean': False, 'colors': False, 'nocolors': False, 'debug': False, 'nodebug': False, 'depcheck': False, 'nodepcheck': False, 'vcsupgrade': False, 'novcsupgrade': False, 'validation': False, 'novalidation': False, 'pkginst': False, 'nopkginst': False, 'pgpcheck': False, 'nopgpcheck': False, 'confirm': False, 'noconfirm': False, 'shallowclone': False, 'deepclone': False, 'ignorelist': None, 'pacupd': False, 'nopac': False, 'nofetch': False}
2018-11-14 22:31:39,819 [INFO   ] :pkgbuilder: Starting upgrade...
2018-11-14 22:31:39,819 [INFO   ] :pkgbuilder: Ran auto_upgrade.
2018-11-14 22:31:40,214 [DEBUG  ] :urllib3.connectionpool: Starting new HTTPS connection (1): aur.archlinux.org:443
2018-11-14 22:31:40,406 [DEBUG  ] :urllib3.connectionpool: https://aur.archlinux.org:443 "GET /rpc/?v=5&type=multiinfo&arg%5B%5D=kdeaccessibility-kaccessible&arg%5B%5D=pyqt4-common&arg%5B%5D=kdeadmin-kuser&arg%5B%5D=kdebase-kdepasswd&arg%5B%5D=kdebase-lib&arg%5B%5D=pyside-tools-common&arg%5B%5D=kdebase-runtime&arg%5B%5D=kdebindings-python-common&arg%5B%5D=libtracker-sparql&arg%5B%5D=kdebindings-python2&arg%5B%5D=libtxc_dxtn&arg%5B%5D=pywebkitgtk&arg%5B%5D=qimageblitz&arg%5B%5D=kdelibs&arg%5B%5D=udisks&arg%5B%5D=kdemultimedia-kscd&arg%5B%5D=umoria&arg%5B%5D=kdenetwork-kppp&arg%5B%5D=gnome-mime-data&arg%5B%5D=kdepimlibs4&arg%5B%5D=kdesdk-strigi-analyzers&arg%5B%5D=gnome-python-extras&arg%5B%5D=qscintilla-qt4&arg%5B%5D=kdeutils-kremotecontrol&arg%5B%5D=qt-recordmydesktop&arg%5B%5D=kdewebdev-kfilereplace&arg%5B%5D=qt3&arg%5B%5D=kdewebdev-klinkstatus&arg%5B%5D=kdewebdev-kommander&arg%5B%5D=qt4-gstreamer&arg%5B%5D=gnome-sharp&arg%5B%5D=gnome-speech&arg%5B%5D=openobex&arg%5B%5D=qt5-enginio&arg%5B%5D=adms&arg%5B%5D=chef-dk&arg%5B%5D=chemical-mime-data&arg%5B%5D=gnome-vfs&arg%5B%5D=gnome-vfs-sharp&arg%5B%5D=openslp&arg%5B%5D=abs&arg%5B%5D=gnome-web-photo&arg%5B%5D=gnucap&arg%5B%5D=vim-rails&arg%5B%5D=vim-systemd&arg%5B%5D=qt5-quick1&arg%5B%5D=vte&arg%5B%5D=alsaequal&arg%5B%5D=alsi&arg%5B%5D=clutter-gst2&arg%5B%5D=orbit2&arg%5B%5D=vtk6&arg%5B%5D=goffice0.8&arg%5B%5D=libgksu&arg%5B%5D=goocanvas1&arg%5B%5D=coin&arg%5B%5D=libgnome&arg%5B%5D=webkitgtk&arg%5B%5D=libgnome-data&arg%5B%5D=webkitgtk2&arg%5B%5D=gpgmepp&arg%5B%5D=libgnome-sharp&arg%5B%5D=libgnomeui&arg%5B%5D=qtwebkit&arg%5B%5D=windowmaker&arg%5B%5D=qucs&arg%5B%5D=winusb&arg%5B%5D=python-path&arg%5B%5D=art-sharp&arg%5B%5D=dasher&arg%5B%5D=wxgtk2.8&arg%5B%5D=konsolepart4&arg%5B%5D=attica-qt4&arg%5B%5D=libzeitgeist&arg%5B%5D=pcmciautils&arg%5B%5D=ddd&arg%5B%5D=xbase&arg%5B%5D=auto-auto-complete&arg%5B%5D=xcalib&arg%5B%5D=roxterm&arg%5B%5D=lilyterm&arg%5B%5D=gstreamer0.10&arg%5B%5D=gstreamer0.10-bad&arg%5B%5D=python-pyqt4&arg%5B%5D=gstreamer0.10-bad-plugins&arg%5B%5D=automoc4&arg%5B%5D=gstreamer0.10-base&arg%5B%5D=gstreamer0.10-base-plugins&arg%5B%5D=python-pyside-common&arg%5B%5D=avogadro&arg%5B%5D=gstreamer0.10-ffmpeg&arg%5B%5D=gstreamer0.10-good&arg%5B%5D=python-qscintilla-qt4&arg%5B%5D=gstreamer0.10-ugly&arg%5B%5D=libkactivities4&arg%5B%5D=gstreamer0.10-ugly-plugins&arg%5B%5D=python-qscintilla-qt4-common&arg%5B%5D=ruby2.4&arg%5B%5D=gtk&arg%5B%5D=libkcddb4&arg%5B%5D=libkcompactdisc4&arg%5B%5D=rxvt&arg%5B%5D=libkdcraw4&arg%5B%5D=lprof&arg%5B%5D=belle-sip&arg%5B%5D=libkexiv2_4&arg%5B%5D=libkipi4&arg%5B%5D=gtkdatabox&arg%5B%5D=scorched3d&arg%5B%5D=libksane4&arg%5B%5D=libkscreen4&arg%5B%5D=lua-messagepack&arg%5B%5D=xmms&arg%5B%5D=boo&arg%5B%5D=lash&arg%5B%5D=lcms&arg%5B%5D=gudev-sharp&arg%5B%5D=eigen2&arg%5B%5D=envoy&arg%5B%5D=hardening-wrapper&arg%5B%5D=shiboken&arg%5B%5D=xorg-server-utils&arg%5B%5D=python2-beautifulsoup3&arg%5B%5D=makehuman&arg%5B%5D=hfsprogs&arg%5B%5D=simple-mtpfs&arg%5B%5D=libmusicbrainz3&arg%5B%5D=skype&arg%5B%5D=slack&arg%5B%5D=lib32-libmng&arg%5B%5D=soqt&arg%5B%5D=python2-egg&arg%5B%5D=firestarter&arg%5B%5D=lib32-libtxc_dxtn&arg%5B%5D=phonon-qt4&arg%5B%5D=sqlite2&arg%5B%5D=phonon-qt4-gstreamer&arg%5B%5D=sqliteman&arg%5B%5D=freecad&arg%5B%5D=phonon-qt4-vlc&arg%5B%5D=strigi&arg%5B%5D=xoscope&arg%5B%5D=iscan-plugin-network&arg%5B%5D=php-mcrypt&arg%5B%5D=fritzing&arg%5B%5D=fsharp&arg%5B%5D=xulrunner&arg%5B%5D=g2sc&arg%5B%5D=mono-basic&arg%5B%5D=lib32-qt4 HTTP/1.1" 200 None
2018-11-14 22:31:40,420 [DEBUG  ] :urllib3.connectionpool: Starting new HTTPS connection (1): aur.archlinux.org:443
2018-11-14 22:31:40,580 [DEBUG  ] :urllib3.connectionpool: https://aur.archlinux.org:443 "GET /rpc/?v=5&type=multiinfo&arg%5B%5D=mono-upnp&arg%5B%5D=mono-zeroconf&arg%5B%5D=monodevelop&arg%5B%5D=jmtpfs&arg%5B%5D=gconf-sharp-peditors&arg%5B%5D=python2-pivy&arg%5B%5D=gdata-sharp&arg%5B%5D=mrtg&arg%5B%5D=pm-quirks&arg%5B%5D=js&arg%5B%5D=pm-utils&arg%5B%5D=libakonadi-qt4&arg%5B%5D=js17&arg%5B%5D=js38&arg%5B%5D=libqzeitgeist&arg%5B%5D=musicbrainz&arg%5B%5D=telepathy-qt4&arg%5B%5D=gegl02&arg%5B%5D=termcap&arg%5B%5D=polkit-qt4&arg%5B%5D=librsvg-stable&arg%5B%5D=python2-pyqt4&arg%5B%5D=libbonobo&arg%5B%5D=libbonoboui&arg%5B%5D=python2-pyside&arg%5B%5D=python2-pyside-tools&arg%5B%5D=katepart4&arg%5B%5D=gksu&arg%5B%5D=libsocialweb&arg%5B%5D=python2-rsvg&arg%5B%5D=glib&arg%5B%5D=nethack-x11&arg%5B%5D=python2-shiboken&arg%5B%5D=ninja-ide&arg%5B%5D=tor-browser-en&arg%5B%5D=libdaq&arg%5B%5D=pygoocanvas&arg%5B%5D=kdeaccessibility-jovie HTTP/1.1" 200 None
2018-11-14 22:31:40,645 [WARNING] :pkgbuilder: python2-pivy version is a date, ignored for downgrade.
2018-11-14 22:32:07,252 [INFO   ] :pkgbuilder: Quitting peacefully.
2018-11-14 22:32:17,148 [INFO   ] :pkgbuilder: *** PKGBUILDer v4.2.18
2018-11-14 22:32:17,315 [INFO   ] :pkgbuilder: Initialized, parsing arguments.
2018-11-14 22:32:17,318 [INFO   ] :pkgbuilder: Arguments parsed.  {'pkgnames': ['chef-dk'], 'pac': False, 'fetch': False, 'userfetch': None, 'info': False, 'search': False, 'upgrade': False, 'finst': False, 'runtx': False, 'clean': False, 'noclean': False, 'colors': False, 'nocolors': False, 'debug': False, 'nodebug': False, 'depcheck': False, 'nodepcheck': False, 'vcsupgrade': False, 'novcsupgrade': False, 'validation': False, 'novalidation': False, 'pkginst': False, 'nopkginst': False, 'pgpcheck': False, 'nopgpcheck': False, 'confirm': False, 'noconfirm': False, 'shallowclone': False, 'deepclone': False, 'ignorelist': None, 'pacupd': False, 'nopac': False, 'nofetch': False}
2018-11-14 22:32:17,318 [INFO   ] :pkgbuilder: Starting build...
2018-11-14 22:32:17,318 [INFO   ] :pkgbuilder: Building chef-dk
2018-11-14 22:32:17,321 [DEBUG  ] :urllib3.connectionpool: Starting new HTTPS connection (1): aur.archlinux.org:443
2018-11-14 22:32:17,474 [DEBUG  ] :urllib3.connectionpool: https://aur.archlinux.org:443 "GET /rpc/?v=5&type=multiinfo&arg%5B%5D=chef-dk HTTP/1.1" 200 None
2018-11-14 22:32:17,477 [INFO   ] :pkgbuilder: (fancy_msg           ) Building chef-dk...
